<?xml version="1.0" encoding="UTF-8"?>
<!-- Generated by org.testng.reporters.JUnitXMLReporter -->
<testsuite ignored="85" hostname="HGT-LAP-301" failures="1" tests="1" name="Default test" time="130.484" errors="0" timestamp="2024-10-19T15:28:50 IST">
  <testcase classname="TestCase.TestCases_Prudhvi" name="uploadpdfFile" time="63.533">
    <failure type="org.openqa.selenium.TimeoutException" message="Expected condition failed: waiting for element to be clickable: By.xpath: //span[text()=&amp;quot;Create Document&amp;quot;] (tried for 60 second(s) with 500 milliseconds interval)
Build info: version: &amp;apos;4.16.1&amp;apos;, revision: &amp;apos;9b4c83354e&amp;apos;
System info: os.name: &amp;apos;Windows 11&amp;apos;, os.arch: &amp;apos;amd64&amp;apos;, os.version: &amp;apos;10.0&amp;apos;, java.version: &amp;apos;21.0.1&amp;apos;
Driver info: org.openqa.selenium.chrome.ChromeDriver
Capabilities {acceptInsecureCerts: false, browserName: chrome, browserVersion: 129.0.6668.101, chrome: {chromedriverVersion: 129.0.6668.100 (cf58cba358d..., userDataDir: C:\Users\JEEVIT~1.PAT\AppDa...}, fedcm:accounts: true, goog:chromeOptions: {debuggerAddress: localhost:64966}, networkConnectionEnabled: false, pageLoadStrategy: normal, platformName: windows, proxy: Proxy(), se:cdp: ws://localhost:64966/devtoo..., se:cdpVersion: 129.0.6668.101, setWindowRect: true, strictFileInteractability: false, timeouts: {implicit: 0, pageLoad: 300000, script: 30000}, unhandledPromptBehavior: dismiss and notify, webauthn:extension:credBlob: true, webauthn:extension:largeBlob: true, webauthn:extension:minPinLength: true, webauthn:extension:prf: true, webauthn:virtualAuthenticators: true}
Session ID: bf19bc882feb1b4bf6f5c8b69b1b2130">
      <![CDATA[org.openqa.selenium.TimeoutException: Expected condition failed: waiting for element to be clickable: By.xpath: //span[text()="Create Document"] (tried for 60 second(s) with 500 milliseconds interval)
Build info: version: '4.16.1', revision: '9b4c83354e'
System info: os.name: 'Windows 11', os.arch: 'amd64', os.version: '10.0', java.version: '21.0.1'
Driver info: org.openqa.selenium.chrome.ChromeDriver
Capabilities {acceptInsecureCerts: false, browserName: chrome, browserVersion: 129.0.6668.101, chrome: {chromedriverVersion: 129.0.6668.100 (cf58cba358d..., userDataDir: C:\Users\JEEVIT~1.PAT\AppDa...}, fedcm:accounts: true, goog:chromeOptions: {debuggerAddress: localhost:64966}, networkConnectionEnabled: false, pageLoadStrategy: normal, platformName: windows, proxy: Proxy(), se:cdp: ws://localhost:64966/devtoo..., se:cdpVersion: 129.0.6668.101, setWindowRect: true, strictFileInteractability: false, timeouts: {implicit: 0, pageLoad: 300000, script: 30000}, unhandledPromptBehavior: dismiss and notify, webauthn:extension:credBlob: true, webauthn:extension:largeBlob: true, webauthn:extension:minPinLength: true, webauthn:extension:prf: true, webauthn:virtualAuthenticators: true}
Session ID: bf19bc882feb1b4bf6f5c8b69b1b2130
at org.openqa.selenium.support.ui.WebDriverWait.timeoutException(WebDriverWait.java:84)
at org.openqa.selenium.support.ui.FluentWait.until(FluentWait.java:229)
at Pages.DocumentsScenarios.waitEle(DocumentsScenarios.java:30)
at Pages.DocumentsScenarios.DocScenario(DocumentsScenarios.java:165)
at TestCase.TestCases_Prudhvi.uploadpdfFile(TestCases_Prudhvi.java:245)
at java.base/jdk.internal.reflect.DirectMethodHandleAccessor.invoke(DirectMethodHandleAccessor.java:103)
at java.base/java.lang.reflect.Method.invoke(Method.java:580)
at org.testng.internal.MethodInvocationHelper.invokeMethod(MethodInvocationHelper.java:133)
at org.testng.internal.TestInvoker.invokeMethod(TestInvoker.java:598)
at org.testng.internal.TestInvoker.invokeTestMethod(TestInvoker.java:173)
at org.testng.internal.MethodRunner.runInSequence(MethodRunner.java:46)
at org.testng.internal.TestInvoker$MethodInvocationAgent.invoke(TestInvoker.java:824)
at org.testng.internal.TestInvoker.invokeTestMethods(TestInvoker.java:146)
at org.testng.internal.TestMethodWorker.invokeTestMethods(TestMethodWorker.java:146)
at org.testng.internal.TestMethodWorker.run(TestMethodWorker.java:128)
at java.base/java.util.ArrayList.forEach(ArrayList.java:1596)
at org.testng.TestRunner.privateRun(TestRunner.java:794)
at org.testng.TestRunner.run(TestRunner.java:596)
at org.testng.SuiteRunner.runTest(SuiteRunner.java:377)
at org.testng.SuiteRunner.runSequentially(SuiteRunner.java:371)
at org.testng.SuiteRunner.privateRun(SuiteRunner.java:332)
at org.testng.SuiteRunner.run(SuiteRunner.java:276)
at org.testng.SuiteRunnerWorker.runSuite(SuiteRunnerWorker.java:53)
at org.testng.SuiteRunnerWorker.run(SuiteRunnerWorker.java:96)
at org.testng.TestNG.runSuitesSequentially(TestNG.java:1212)
at org.testng.TestNG.runSuitesLocally(TestNG.java:1134)
at org.testng.TestNG.runSuites(TestNG.java:1063)
at org.testng.TestNG.run(TestNG.java:1031)
at org.testng.remote.AbstractRemoteTestNG.run(AbstractRemoteTestNG.java:115)
at org.testng.remote.RemoteTestNG.initAndRun(RemoteTestNG.java:251)
at org.testng.remote.RemoteTestNG.main(RemoteTestNG.java:77)
]]>
    </failure>
  </testcase> <!-- uploadpdfFile -->
  <testcase classname="TestCase.TestCases_Prudhvi" name="ValidRearrangingOrderCCndSigner" time="0.0">
    <ignored/>
  </testcase> <!-- ValidRearrangingOrderCCndSigner -->
  <testcase classname="TestCase.TestCases_Prudhvi" name="BlankDocWithEnforcementAllFillabelFeilds" time="0.0">
    <ignored/>
  </testcase> <!-- BlankDocWithEnforcementAllFillabelFeilds -->
  <testcase classname="TestCase.TestCases_Prudhvi" name="validBlankDocRearrangeorderApproverSignerAndCC" time="0.0">
    <ignored/>
  </testcase> <!-- validBlankDocRearrangeorderApproverSignerAndCC -->
  <testcase classname="TestCase.TestCases_Prudhvi" name="FineDateEntityActions" time="0.0">
    <ignored/>
  </testcase> <!-- FineDateEntityActions -->
  <testcase classname="TestCase.TestCases_Prudhvi" name="uploadVedio" time="0.0">
    <ignored/>
  </testcase> <!-- uploadVedio -->
  <testcase classname="TestCase.TestCases_Prudhvi" name="uploadDOCandTXT" time="0.0">
    <ignored/>
  </testcase> <!-- uploadDOCandTXT -->
  <testcase classname="TestCase.TestCases_Prudhvi" name="EntityMappingIndividualEntityneverUpdate" time="0.0">
    <ignored/>
  </testcase> <!-- EntityMappingIndividualEntityneverUpdate -->
  <testcase classname="TestCase.TestCases_Prudhvi" name="AdvancedFieldsCompanyProfile" time="0.0">
    <ignored/>
  </testcase> <!-- AdvancedFieldsCompanyProfile -->
  <testcase classname="TestCase.TestCases_Prudhvi" name="UpdateDataEntityMappingIndividualEntityneverUpdate" time="0.0">
    <ignored/>
  </testcase> <!-- UpdateDataEntityMappingIndividualEntityneverUpdate -->
  <testcase classname="TestCase.TestCases_Prudhvi" name="uploadPDFandTXT" time="0.0">
    <ignored/>
  </testcase> <!-- uploadPDFandTXT -->
  <testcase classname="TestCase.TestCases_Prudhvi" name="DocGlobalSettingsFlow" time="0.0">
    <ignored/>
  </testcase> <!-- DocGlobalSettingsFlow -->
  <testcase classname="TestCase.TestCases_Prudhvi" name="ReuploadingCompletedEsignsIDGeneratedDOC" time="0.0">
    <ignored/>
  </testcase> <!-- ReuploadingCompletedEsignsIDGeneratedDOC -->
  <testcase classname="TestCase.TestCases_Prudhvi" name="uploadPDFandPDF" time="0.0">
    <ignored/>
  </testcase> <!-- uploadPDFandPDF -->
  <testcase classname="TestCase.TestCases_Prudhvi" name="ValidDocscenariosGdrive" time="0.0">
    <ignored/>
  </testcase> <!-- ValidDocscenariosGdrive -->
  <testcase classname="TestCase.TestCases_Prudhvi" name="BlankDocWithEnforcementWithAutofill" time="0.0">
    <ignored/>
  </testcase> <!-- BlankDocWithEnforcementWithAutofill -->
  <testcase classname="TestCase.TestCases_Prudhvi" name="BlankDocWithoutEnforcementWithoutAutofill" time="0.0">
    <ignored/>
  </testcase> <!-- BlankDocWithoutEnforcementWithoutAutofill -->
  <testcase classname="TestCase.TestCases_Prudhvi" name="uploadDOCandJPG" time="0.0">
    <ignored/>
  </testcase> <!-- uploadDOCandJPG -->
  <testcase classname="TestCase.TestCases_Prudhvi" name="DocGlobalSettingsFlow3" time="0.0">
    <ignored/>
  </testcase> <!-- DocGlobalSettingsFlow3 -->
  <testcase classname="TestCase.TestCases_Prudhvi" name="BlankWorkflowWithtSettigs" time="0.0">
    <ignored/>
  </testcase> <!-- BlankWorkflowWithtSettigs -->
  <testcase classname="TestCase.TestCases_Prudhvi" name="ValidBlankdocSignerndApprover" time="0.0">
    <ignored/>
  </testcase> <!-- ValidBlankdocSignerndApprover -->
  <testcase classname="TestCase.TestCases_Prudhvi" name="DocGlobalSettingsFlow1" time="0.0">
    <ignored/>
  </testcase> <!-- DocGlobalSettingsFlow1 -->
  <testcase classname="TestCase.TestCases_Prudhvi" name="EntityMappingIndividualEntityUpdateExistedData" time="0.0">
    <ignored/>
  </testcase> <!-- EntityMappingIndividualEntityUpdateExistedData -->
  <testcase classname="TestCase.TestCases_Prudhvi" name="DocGlobalSettingsFlow2" time="0.0">
    <ignored/>
  </testcase> <!-- DocGlobalSettingsFlow2 -->
  <testcase classname="TestCase.TestCases_Prudhvi" name="entityMappingUpdateWithoutParentGeneralEntity" time="0.0">
    <ignored/>
  </testcase> <!-- entityMappingUpdateWithoutParentGeneralEntity -->
  <testcase classname="TestCase.TestCases_Prudhvi" name="uploadPDFandJPG" time="0.0">
    <ignored/>
  </testcase> <!-- uploadPDFandJPG -->
  <testcase classname="TestCase.TestCases_Prudhvi" name="BlankDocWithEnforcementAutoFillOffWithoutSenderFields" time="0.0">
    <ignored/>
  </testcase> <!-- BlankDocWithEnforcementAutoFillOffWithoutSenderFields -->
  <testcase classname="TestCase.TestCases_Prudhvi" name="ValidRearrangingOrderFirstApproverthenSigner" time="0.0">
    <ignored/>
  </testcase> <!-- ValidRearrangingOrderFirstApproverthenSigner -->
  <testcase classname="TestCase.TestCases_Prudhvi" name="workflowIndividualEntityBasicFieldsNeverUpdate" time="0.0">
    <ignored/>
  </testcase> <!-- workflowIndividualEntityBasicFieldsNeverUpdate -->
  <testcase classname="TestCase.TestCases_Prudhvi" name="ValidBlankDocSignerApproverAndMultipleCC" time="0.0">
    <ignored/>
  </testcase> <!-- ValidBlankDocSignerApproverAndMultipleCC -->
  <testcase classname="TestCase.TestCases_Prudhvi" name="formtemplatecreation" time="0.0">
    <ignored/>
  </testcase> <!-- formtemplatecreation -->
  <testcase classname="TestCase.TestCases_Prudhvi" name="validBlankDocOtherSignerSenderSignerApprover" time="0.0">
    <ignored/>
  </testcase> <!-- validBlankDocOtherSignerSenderSignerApprover -->
  <testcase classname="TestCase.TestCases_Prudhvi" name="ValidSignerndApproverOnedrive" time="0.0">
    <ignored/>
  </testcase> <!-- ValidSignerndApproverOnedrive -->
  <testcase classname="TestCase.TestCases_Prudhvi" name="uploadDoc" time="0.0">
    <ignored/>
  </testcase> <!-- uploadDoc -->
  <testcase classname="TestCase.TestCases_Prudhvi" name="BlankDocWithEnforcementAutofillOffWithSenderFielsNotFilled" time="0.0">
    <ignored/>
  </testcase> <!-- BlankDocWithEnforcementAutofillOffWithSenderFielsNotFilled -->
  <testcase classname="TestCase.TestCases_Prudhvi" name="workflowIndividualEntityBasicFieldsUpdateAfterDocCompleted" time="0.0">
    <ignored/>
  </testcase> <!-- workflowIndividualEntityBasicFieldsUpdateAfterDocCompleted -->
  <testcase classname="TestCase.TestCases_Prudhvi" name="validBlankDocRearrangeorderCCApproversigner" time="0.0">
    <ignored/>
  </testcase> <!-- validBlankDocRearrangeorderCCApproversigner -->
  <testcase classname="TestCase.TestCases_Prudhvi" name="attachmentDownloads" time="0.0">
    <ignored/>
  </testcase> <!-- attachmentDownloads -->
  <testcase classname="TestCase.TestCases_Prudhvi" name="contentFeildsCompanyProfile" time="0.0">
    <ignored/>
  </testcase> <!-- contentFeildsCompanyProfile -->
  <testcase classname="TestCase.TestCases_Prudhvi" name="ValidRearrangingOrderFirstOtherSignersandThenSender" time="0.0">
    <ignored/>
  </testcase> <!-- ValidRearrangingOrderFirstOtherSignersandThenSender -->
  <testcase classname="TestCase.TestCases_Prudhvi" name="ValidRearrangingOrderFirstOtherSignersndThenSenderOnedrive" time="0.0">
    <ignored/>
  </testcase> <!-- ValidRearrangingOrderFirstOtherSignersndThenSenderOnedrive -->
  <testcase classname="TestCase.TestCases_Prudhvi" name="uploadPNG" time="0.0">
    <ignored/>
  </testcase> <!-- uploadPNG -->
  <testcase classname="TestCase.TestCases_Prudhvi" name="changeDocument" time="0.0">
    <ignored/>
  </testcase> <!-- changeDocument -->
  <testcase classname="TestCase.TestCases_Prudhvi" name="ValidBlankDocMultipleSigners" time="0.0">
    <ignored/>
  </testcase> <!-- ValidBlankDocMultipleSigners -->
  <testcase classname="TestCase.TestCases_Prudhvi" name="validBlankDocRearrangeorderCCSignerApprover" time="0.0">
    <ignored/>
  </testcase> <!-- validBlankDocRearrangeorderCCSignerApprover -->
  <testcase classname="TestCase.TestCases_Prudhvi" name="entityMappingUpdateWithParentGeneralEntity" time="0.0">
    <ignored/>
  </testcase> <!-- entityMappingUpdateWithParentGeneralEntity -->
  <testcase classname="TestCase.TestCases_Prudhvi" name="uploadDocandDoc" time="0.0">
    <ignored/>
  </testcase> <!-- uploadDocandDoc -->
  <testcase classname="TestCase.TestCases_Prudhvi" name="validBlankDocApproverSenderSignerOtherSigner" time="0.0">
    <ignored/>
  </testcase> <!-- validBlankDocApproverSenderSignerOtherSigner -->
  <testcase classname="TestCase.TestCases_Prudhvi" name="uploadjpg" time="0.0">
    <ignored/>
  </testcase> <!-- uploadjpg -->
  <testcase classname="TestCase.TestCases_Prudhvi" name="validBlankDocMulsignerApproverCC" time="0.0">
    <ignored/>
  </testcase> <!-- validBlankDocMulsignerApproverCC -->
  <testcase classname="TestCase.TestCases_Prudhvi" name="BlankDocWithEnforcement" time="0.0">
    <ignored/>
  </testcase> <!-- BlankDocWithEnforcement -->
  <testcase classname="TestCase.TestCases_Prudhvi" name="NotificationActionVerification2" time="0.0">
    <ignored/>
  </testcase> <!-- NotificationActionVerification2 -->
  <testcase classname="TestCase.TestCases_Prudhvi" name="uploadPDFandDOC" time="0.0">
    <ignored/>
  </testcase> <!-- uploadPDFandDOC -->
  <testcase classname="TestCase.TestCases_Prudhvi" name="uploadPDFandDoc" time="0.0">
    <ignored/>
  </testcase> <!-- uploadPDFandDoc -->
  <testcase classname="TestCase.TestCases_Prudhvi" name="NotificationActionVerification" time="0.0">
    <ignored/>
  </testcase> <!-- NotificationActionVerification -->
  <testcase classname="TestCase.TestCases_Prudhvi" name="BookAvailabilityAction" time="0.0">
    <ignored/>
  </testcase> <!-- BookAvailabilityAction -->
  <testcase classname="TestCase.TestCases_Prudhvi" name="ValidDocscenarioOnedrive" time="0.0">
    <ignored/>
  </testcase> <!-- ValidDocscenarioOnedrive -->
  <testcase classname="TestCase.TestCases_Prudhvi" name="BlankDocWithEnforcementAutoFillOnWithSenderFielsAllFilled" time="0.0">
    <ignored/>
  </testcase> <!-- BlankDocWithEnforcementAutoFillOnWithSenderFielsAllFilled -->
  <testcase classname="TestCase.TestCases_Prudhvi" name="validBlankDocOtherSignerApproverSenderSigner" time="0.0">
    <ignored/>
  </testcase> <!-- validBlankDocOtherSignerApproverSenderSigner -->
  <testcase classname="TestCase.TestCases_Prudhvi" name="BlankDocWithEnforcementAllContentFeilds" time="0.0">
    <ignored/>
  </testcase> <!-- BlankDocWithEnforcementAllContentFeilds -->
  <testcase classname="TestCase.TestCases_Prudhvi" name="BlankDocWithEnforcementAutoFillOnWithSenderFielsNotFilled" time="0.0">
    <ignored/>
  </testcase> <!-- BlankDocWithEnforcementAutoFillOnWithSenderFielsNotFilled -->
  <testcase classname="TestCase.TestCases_Prudhvi" name="BlankDocWithEnforcementWithoutAutofill" time="0.0">
    <ignored/>
  </testcase> <!-- BlankDocWithEnforcementWithoutAutofill -->
  <testcase classname="TestCase.TestCases_Prudhvi" name="BlankDocWithEnforcementAutoFillOnWithoutSenderFields" time="0.0">
    <ignored/>
  </testcase> <!-- BlankDocWithEnforcementAutoFillOnWithoutSenderFields -->
  <testcase classname="TestCase.TestCases_Prudhvi" name="validBlankDocSenderSignerApproverOtherSigner" time="0.0">
    <ignored/>
  </testcase> <!-- validBlankDocSenderSignerApproverOtherSigner -->
  <testcase classname="TestCase.TestCases_Prudhvi" name="BlankDocWithoEnforcementWithAutofill" time="0.0">
    <ignored/>
  </testcase> <!-- BlankDocWithoEnforcementWithAutofill -->
  <testcase classname="TestCase.TestCases_Prudhvi" name="BasicfeildsCompanyProfile" time="0.0">
    <ignored/>
  </testcase> <!-- BasicfeildsCompanyProfile -->
  <testcase classname="TestCase.TestCases_Prudhvi" name="ValidOneDriveDocMultipleSigners" time="0.0">
    <ignored/>
  </testcase> <!-- ValidOneDriveDocMultipleSigners -->
  <testcase classname="TestCase.TestCases_Prudhvi" name="entityMappingUpdateWithParentIndividualEntity" time="0.0">
    <ignored/>
  </testcase> <!-- entityMappingUpdateWithParentIndividualEntity -->
  <testcase classname="TestCase.TestCases_Prudhvi" name="BlankDocWithtEnforcement" time="0.0">
    <ignored/>
  </testcase> <!-- BlankDocWithtEnforcement -->
  <testcase classname="TestCase.TestCases_Prudhvi" name="validRearrangeorderApproverCCSigner" time="0.0">
    <ignored/>
  </testcase> <!-- validRearrangeorderApproverCCSigner -->
  <testcase classname="TestCase.TestCases_Prudhvi" name="ValidBlankDocSignerApproverAndCCWithoutEnforceSignature" time="0.0">
    <ignored/>
  </testcase> <!-- ValidBlankDocSignerApproverAndCCWithoutEnforceSignature -->
  <testcase classname="TestCase.TestCases_Prudhvi" name="validBlankDocSignerMulApproverAndMulCC" time="0.0">
    <ignored/>
  </testcase> <!-- validBlankDocSignerMulApproverAndMulCC -->
  <testcase classname="TestCase.TestCases_Prudhvi" name="FormRulesVerification" time="0.0">
    <ignored/>
  </testcase> <!-- FormRulesVerification -->
  <testcase classname="TestCase.TestCases_Prudhvi" name="EntityMappingIndividualEntityUpdateAfterDocumentCompletionFromSettings" time="0.0">
    <ignored/>
  </testcase> <!-- EntityMappingIndividualEntityUpdateAfterDocumentCompletionFromSettings -->
  <testcase classname="TestCase.TestCases_Prudhvi" name="FineDueNotificationEntityActions" time="0.0">
    <ignored/>
  </testcase> <!-- FineDueNotificationEntityActions -->
  <testcase classname="TestCase.TestCases_Prudhvi" name="uploadDOCandPNG" time="0.0">
    <ignored/>
  </testcase> <!-- uploadDOCandPNG -->
  <testcase classname="TestCase.TestCases_Prudhvi" name="FormRules" time="0.0">
    <ignored/>
  </testcase> <!-- FormRules -->
  <testcase classname="TestCase.TestCases_Prudhvi" name="BlankTemplateWithtSettigs" time="0.0">
    <ignored/>
  </testcase> <!-- BlankTemplateWithtSettigs -->
  <testcase classname="TestCase.TestCases_Prudhvi" name="ValidDocScenarios" time="0.0">
    <ignored/>
  </testcase> <!-- ValidDocScenarios -->
  <testcase classname="TestCase.TestCases_Prudhvi" name="BlankDocWithtSettigs" time="0.0">
    <ignored/>
  </testcase> <!-- BlankDocWithtSettigs -->
  <testcase classname="TestCase.TestCases_Prudhvi" name="validBlankDocRearrangeorderSignerCCApprover" time="0.0">
    <ignored/>
  </testcase> <!-- validBlankDocRearrangeorderSignerCCApprover -->
  <testcase classname="TestCase.TestCases_Prudhvi" name="uploadTXT" time="0.0">
    <ignored/>
  </testcase> <!-- uploadTXT -->
  <testcase classname="TestCase.TestCases_Prudhvi" name="ValidBlankDocSignerMulApproverAndCC" time="0.0">
    <ignored/>
  </testcase> <!-- ValidBlankDocSignerMulApproverAndCC -->
  <testcase classname="TestCase.TestCases_Prudhvi" name="TaskEntityActionStep" time="0.0">
    <ignored/>
  </testcase> <!-- TaskEntityActionStep -->
  <testcase classname="TestCase.TestCases_Prudhvi" name="EntityMappingIndividualEntityUpdateafteruserfinishesthedocumentfromsettings" time="0.0">
    <ignored/>
  </testcase> <!-- EntityMappingIndividualEntityUpdateafteruserfinishesthedocumentfromsettings -->
  <testcase classname="TestCase.TestCases_Prudhvi" name="updateDataAndUpdateEntityafterUserFinishesTheDocumentfromsettings" time="0.0">
    <ignored/>
  </testcase> <!-- updateDataAndUpdateEntityafterUserFinishesTheDocumentfromsettings -->
</testsuite> <!-- Default test -->
